
   HANDE

 ================================================================
Version information
-------------------
Version       | v1.5-776-gdc2bbfd
Commit hash   | dc2bbfd28b53ee8bfcc4cc28147c310b1dcb6d2a
Commit author | William Van Benschoten
Commit date   | Mon Feb 3 13:42:20 2025 -0500
Branch        | main

Configuration and build information
-----------------------------------
Who compiled             | vanbenschoten
Compilation hostname     | Williams-MacBook-Pro.local
Operating system         | Darwin-23.6.0
CMake version            | 3.31.1
CMake generator          | Unix Makefiles
Build type               | relapplesilicon
Configuration time       | 2025-02-11 17:36:40 [UTC]
Python version           | 3.11.7
Fortran compiler         | /Users/vanbenschoten/Chemistry/codes/openmpi-5.0.6/openmpi/bin/mpifort
C compiler               | /Users/vanbenschoten/Chemistry/codes/openmpi-5.0.6/openmpi/bin/mpicc
DET_SIZE set to          | 64
POP_SIZE set to          | 64
dSFMT Mersenne exponent  | 19937
MPI parallelization      | ON
MPI launcher             | /Users/vanbenschoten/Chemistry/codes/openmpi-5.0.6/openmpi/bin/mpiexec
OpenMP parallelization   | ON
Lua version              | 5.4.6
HDF5 library version     | 1.14.4-2

Further components
------------------
DISABLE_HDF5 not defined.  HDF5 enabled.
DISABLE_UUID defined.  UUID disabled.
PARALLEL defined.  MPI parallelization enabled.
DISABLE_MPI3 not defined.  MPI-3 functionality enabled.
PARALLEL defined. DISABLE_MPI3 and ENABLE_SHMEM_POSIX not defined. MPI-3 in use.
DISABLE_SCALAPACK defined.  ScaLAPACK disabled.
SINGLE_PRECISION not defined.  Double precision used throughout.
USE_POPCNT not defined. Internal POPCNT procedure used.

Runtime information
-------------------
Hostname:
    Williams-MacBook-Pro.local
Current working dir:
    /Users/vanbenschoten/Chemistry/levine/time_dependent_dmqmc/decacene/exlevel02
Started running on 18/02/2025 at 12:41:58
 Calculation UUID: UNKNOWN: UUID GENERATION DISABLED.  .
 ================================================================

 Input options
 -------------

for isym = 1, 8 do
    -- 0 2 4 6
    if isym == 1 or isym == 3 or isym == 5 or isym == 7 then
        fci {
            sys = read_in {
                int_file = '../FCIDUMP',
                nel = 10,
                ms = 0,
                sym = isym - 1,
            },
            reference = {
                det = {1, 2, 3, 4, 5, 6, 7, 8, 9, 10},
                ex_level = 2,
            },
            fci = {
                sorted_diagonal = true,
                write_nwfns = -1,
                wfn_file = '0' .. isym .. 'ISYM.WFN',
                write_determinants = true,
                determinant_file = '0' .. isym .. 'ISYM.DET',
                write_hamiltonian = true,
                hamiltonian_file = '0' .. isym .. 'ISYM.HAM',
            },
        }
    end
end

 -------------

 Memory required for all two body integrals (MB) on each processor: 0
 It is left to the user to ensure that this does not exceed available resources.

 Basis functions
 ---------------

 Spin given in units of 1/2.

 index  spatial symmetry sym_index lz     ms       <i|f|i>
     1      1       5       1       0       1       -2.97921196E-01
     2      1       5       2       0      -1       -2.97921196E-01
     3      2       1       1       0       1       -2.89532985E-01
     4      2       1       2       0      -1       -2.89532985E-01
     5      3       7       1       0       1       -2.59503609E-01
     6      3       7       2       0      -1       -2.59503609E-01
     7      4       5       3       0       1       -2.17490946E-01
     8      4       5       4       0      -1       -2.17490946E-01
     9      5       7       3       0       1       -1.71477408E-01
    10      5       7       4       0      -1       -1.71477408E-01
    11      6       3       1       0       1       -2.74460188E-02
    12      6       3       2       0      -1       -2.74460188E-02
    13      7       1       3       0       1        2.15466970E-02
    14      7       1       4       0      -1        2.15466970E-02
    15      8       3       3       0       1        6.78036832E-02
    16      8       3       4       0      -1        6.78036832E-02
    17      9       5       5       0       1        9.72880777E-02
    18      9       5       6       0      -1        9.72880777E-02
    19     10       1       5       0       1        1.10224776E-01
    20     10       1       6       0      -1        1.10224776E-01

 E_core =-1597.519816993561
 Number of electrons: 10
 Number of basis functions: 20

 Bit-length of integers used to store determinant bit-strings: 64
 Number of integers used to store determinant bit-strings: 1

 Symmetry information
 --------------------

 Number of point group symmetries: 8
 Not using Lz symmetry.
 Totally symmetric symmetry: 0
 The matrix below gives the direct products of the irreducible representations.

  0  1  2  3  4  5  6  7
  1  0  3  2  5  4  7  6
  2  3  0  1  6  7  4  5
  3  2  1  0  7  6  5  4
  4  5  6  7  0  1  2  3
  5  4  7  6  1  0  3  2
  6  7  4  5  2  3  0  1
  7  6  5  4  3  2  1  0

 The table below gives the number of basis functions spanning each irreducible representation.

 irrep  Lz   sym  nbasis  nbasis_up  nbasis_down
   0     0    0      0       0          0
   1     0    1      6       3          3
   2     0    2      0       0          0
   3     0    3      4       2          2
   4     0    4      0       0          0
   5     0    5      6       3          3
   6     0    6      0       0          0
   7     0    7      4       2          2


 WARNING: error in warn_unused_args.
 The following keywords are not recognised and have been ignored: sorted_diagonal.

 FCI
 ---

 -- Start JSON block --
 {
     "system": {
         "nbasis": 20,   
         "nel": 10,   
         "nvirt": 10,   
         "Ms": 0,   
         "nalpha": 5,   
         "nbeta": 5,   
         "nvirt_alpha": 5,   
         "nvirt_beta": 5,   
         "nsym": 7,   
         "sym0": 0,   
         "sym_max": 7,   
         "nsym_tot": 8,   
         "sym0_tot": 0,   
         "sym_max_tot": 7,   
         "symmetry": 0,   
         "tot_sym": false,   
         "aufbau_sym": false,   
         "max_number_excitations": 10,   
         "read_in": {
             "int_file":  "../FCIDUMP",   
             "uhf": false,   
             "Ecore": -1597.51981699,   
             "CAS": [ -1, -1],
             "useLz": false,   
             "complex": false    
         }
     },
     "fci_in": {
         "write_hamiltonian": true,   
         "hamiltonian_file":  "01ISYM.HAM",   
         "write_determinants": true,   
         "determinant_file":  "01ISYM.DET",   
         "print_fci_wfn": -1,   
         "print_fci_wfn_file":  "01ISYM.WFN",   
         "analyse_fci_wfn": 0,   
         "block_size": 64,   
         "ndavidson_eigv": 4,   
         "ndavidson_trialvec": 8,   
         "davidson_maxsize": 50,   
         "davidson_tol": 1.00000001E-007,   
         "hamiltonian_diagonal_only": false,   
         "determinant_table_only": false    
     },
     "reference": {
         "det": [ 1, 2, 3, 4, 5, 6, 7, 8, 9, 10],
         "det_ms": 0,   
         "det_symmetry": 0,   
         "H00": -1604.42363825,   
         "F0": 1.66432633E-316,   
         "ex_level": 2    
     }
 }
 -- End JSON block --

 The table below gives the number of determinants for each symmetry with Ms=0.
 Only determinants within 2 excitations of the reference determinant are included.
 Reference determinant, |D0> = |  1  2  3  4  5  6  7  8  9 10 >

 Symmetry index      # dets
         0              242
         1                0
         2              232
         3                0
         4              202
         5                0
         6              200
         7                0

 Performing exact diagonalisation...

 LAPACK diagonalisation results
 ^^^^^^^^^^^^^^^^^^^^^^^^^^^^^^

  State     Energy
      1 -1604.472928615411
      2 -1604.401896700305
      3 -1604.386084546171
      4 -1604.358758436629
      5 -1604.338377876865
      6 -1604.326540331789
      7 -1604.314910242683
      8 -1604.308854939609
      9 -1604.307297452218
     10 -1604.300630983180
     11 -1604.285851796711
     12 -1604.276025106532
     13 -1604.272613284476
     14 -1604.270664932052
     15 -1604.266076849544
     16 -1604.251096842064
     17 -1604.245021807717
     18 -1604.243943647138
     19 -1604.241158167230
     20 -1604.239795298452
     21 -1604.238349491190
     22 -1604.237587968898
     23 -1604.236978399233
     24 -1604.233837718966
     25 -1604.232624124526
     26 -1604.227212795636
     27 -1604.223628545656
     28 -1604.221236597057
     29 -1604.219731646885
     30 -1604.216456249901
     31 -1604.216054729042
     32 -1604.210794309961
     33 -1604.203090802984
     34 -1604.197257265350
     35 -1604.194596499392
     36 -1604.194115960047
     37 -1604.193946878559
     38 -1604.191123783892
     39 -1604.188147466583
     40 -1604.185587346062
     41 -1604.185467284153
     42 -1604.185188634042
     43 -1604.180298404643
     44 -1604.177407963831
     45 -1604.176424355193
     46 -1604.175847016196
     47 -1604.172361301591
     48 -1604.170203470070
     49 -1604.168178419306
     50 -1604.166212124606
     51 -1604.164108078612
     52 -1604.163444872641
     53 -1604.159879209260
     54 -1604.159385446229
     55 -1604.153487006308
     56 -1604.153317088278
     57 -1604.151975138919
     58 -1604.151371403146
     59 -1604.149177116263
     60 -1604.148135656904
     61 -1604.146846198082
     62 -1604.146419495839
     63 -1604.140331247655
     64 -1604.139961506186
     65 -1604.139452886908
     66 -1604.132813607299
     67 -1604.131390122388
     68 -1604.128510522455
     69 -1604.126895104799
     70 -1604.125642625090
     71 -1604.124857078399
     72 -1604.121563701172
     73 -1604.120110506550
     74 -1604.116444161895
     75 -1604.116261853319
     76 -1604.115899710263
     77 -1604.112817914152
     78 -1604.111912848671
     79 -1604.109151730705
     80 -1604.108374310497
     81 -1604.107271248512
     82 -1604.104598344412
     83 -1604.104029671453
     84 -1604.102697219487
     85 -1604.101204736377
     86 -1604.100466796371
     87 -1604.099183062344
     88 -1604.098845291653
     89 -1604.097496457869
     90 -1604.093830991816
     91 -1604.092264854117
     92 -1604.090855710045
     93 -1604.088450359978
     94 -1604.088206902312
     95 -1604.087074337394
     96 -1604.085062042653
     97 -1604.082716643458
     98 -1604.081461102928
     99 -1604.081299094421
    100 -1604.077824908716
    101 -1604.074833869547
    102 -1604.074612402582
    103 -1604.073542570299
    104 -1604.070807553041
    105 -1604.065059173387
    106 -1604.064320431382
    107 -1604.063977498411
    108 -1604.061688779435
    109 -1604.061280602381
    110 -1604.057437477614
    111 -1604.051397539713
    112 -1604.051300784296
    113 -1604.050038750978
    114 -1604.048080244119
    115 -1604.047209330887
    116 -1604.046866507808
    117 -1604.045934915880
    118 -1604.044869559285
    119 -1604.043590974256
    120 -1604.040276403422
    121 -1604.039182705126
    122 -1604.038683886037
    123 -1604.036044325474
    124 -1604.035862276681
    125 -1604.032144139921
    126 -1604.029415651180
    127 -1604.028025001554
    128 -1604.026381194635
    129 -1604.024929731395
    130 -1604.022271519804
    131 -1604.021841011728
    132 -1604.020873550091
    133 -1604.019401189677
    134 -1604.016111410598
    135 -1604.015309006247
    136 -1604.014585048504
    137 -1604.013777414560
    138 -1604.011242028076
    139 -1604.008964077952
    140 -1604.007282765981
    141 -1604.006876651585
    142 -1604.004114639992
    143 -1604.001395664383
    144 -1604.000303404378
    145 -1603.999990379530
    146 -1603.999624404208
    147 -1603.998145446538
    148 -1603.996218071459
    149 -1603.993662835053
    150 -1603.989158237613
    151 -1603.986232360374
    152 -1603.983845863921
    153 -1603.982039814972
    154 -1603.981972961844
    155 -1603.979742704563
    156 -1603.977867227735
    157 -1603.975136209076
    158 -1603.974836214565
    159 -1603.971951682260
    160 -1603.969454266223
    161 -1603.964727975052
    162 -1603.964350645116
    163 -1603.963579848340
    164 -1603.962420164677
    165 -1603.962045471505
    166 -1603.960665851316
    167 -1603.956352050212
    168 -1603.954208674944
    169 -1603.953182583989
    170 -1603.951869046985
    171 -1603.951838673130
    172 -1603.949068605438
    173 -1603.948638418383
    174 -1603.948104374067
    175 -1603.944456632148
    176 -1603.942629363044
    177 -1603.940537477012
    178 -1603.933966790026
    179 -1603.932358824939
    180 -1603.928585110903
    181 -1603.927016055622
    182 -1603.926546670564
    183 -1603.923612063599
    184 -1603.921277277755
    185 -1603.916710314616
    186 -1603.913979752821
    187 -1603.913926025148
    188 -1603.910722318762
    189 -1603.910042692983
    190 -1603.904700285229
    191 -1603.904074541042
    192 -1603.901448139490
    193 -1603.900638371958
    194 -1603.897460337160
    195 -1603.896224179119
    196 -1603.894795320490
    197 -1603.891732275733
    198 -1603.887607609769
    199 -1603.886228514295
    200 -1603.885232966771
    201 -1603.881458431401
    202 -1603.879835269651
    203 -1603.878199678535
    204 -1603.875996216477
    205 -1603.875146739440
    206 -1603.871108973673
    207 -1603.870421261562
    208 -1603.868753290820
    209 -1603.863557961778
    210 -1603.858536923070
    211 -1603.852971490959
    212 -1603.850555668146
    213 -1603.850239941489
    214 -1603.847292295812
    215 -1603.847049085477
    216 -1603.844017463792
    217 -1603.843385222444
    218 -1603.840192958845
    219 -1603.837400321117
    220 -1603.835147289067
    221 -1603.833260106530
    222 -1603.824306027138
    223 -1603.824265499902
    224 -1603.823399066698
    225 -1603.818030964270
    226 -1603.816678914804
    227 -1603.815180573104
    228 -1603.811410116751
    229 -1603.805124213868
    230 -1603.790163606160
    231 -1603.789579438924
    232 -1603.775839809568
    233 -1603.768015639893
    234 -1603.744019845560
    235 -1603.733622581698
    236 -1603.714965491858
    237 -1603.708788751853
    238 -1603.696576037088
    239 -1603.693347197042
    240 -1603.654655681618
    241 -1603.654097507753
    242 -1603.541175331705

 Memory required for all two body integrals (MB) on each processor: 0
 It is left to the user to ensure that this does not exceed available resources.

 Basis functions
 ---------------

 Spin given in units of 1/2.

 index  spatial symmetry sym_index lz     ms       <i|f|i>
     1      1       5       1       0       1       -2.97921196E-01
     2      1       5       2       0      -1       -2.97921196E-01
     3      2       1       1       0       1       -2.89532985E-01
     4      2       1       2       0      -1       -2.89532985E-01
     5      3       7       1       0       1       -2.59503609E-01
     6      3       7       2       0      -1       -2.59503609E-01
     7      4       5       3       0       1       -2.17490946E-01
     8      4       5       4       0      -1       -2.17490946E-01
     9      5       7       3       0       1       -1.71477408E-01
    10      5       7       4       0      -1       -1.71477408E-01
    11      6       3       1       0       1       -2.74460188E-02
    12      6       3       2       0      -1       -2.74460188E-02
    13      7       1       3       0       1        2.15466970E-02
    14      7       1       4       0      -1        2.15466970E-02
    15      8       3       3       0       1        6.78036832E-02
    16      8       3       4       0      -1        6.78036832E-02
    17      9       5       5       0       1        9.72880777E-02
    18      9       5       6       0      -1        9.72880777E-02
    19     10       1       5       0       1        1.10224776E-01
    20     10       1       6       0      -1        1.10224776E-01

 E_core =-1597.519816993561
 Number of electrons: 10
 Number of basis functions: 20

 Bit-length of integers used to store determinant bit-strings: 64
 Number of integers used to store determinant bit-strings: 1

 Symmetry information
 --------------------

 Number of point group symmetries: 8
 Not using Lz symmetry.
 Totally symmetric symmetry: 0
 The matrix below gives the direct products of the irreducible representations.

  0  1  2  3  4  5  6  7
  1  0  3  2  5  4  7  6
  2  3  0  1  6  7  4  5
  3  2  1  0  7  6  5  4
  4  5  6  7  0  1  2  3
  5  4  7  6  1  0  3  2
  6  7  4  5  2  3  0  1
  7  6  5  4  3  2  1  0

 The table below gives the number of basis functions spanning each irreducible representation.

 irrep  Lz   sym  nbasis  nbasis_up  nbasis_down
   0     0    0      0       0          0
   1     0    1      6       3          3
   2     0    2      0       0          0
   3     0    3      4       2          2
   4     0    4      0       0          0
   5     0    5      6       3          3
   6     0    6      0       0          0
   7     0    7      4       2          2


 WARNING: error in warn_unused_args.
 The following keywords are not recognised and have been ignored: sorted_diagonal.

 FCI
 ---

 -- Start JSON block --
 {
     "system": {
         "nbasis": 20,   
         "nel": 10,   
         "nvirt": 10,   
         "Ms": 0,   
         "nalpha": 5,   
         "nbeta": 5,   
         "nvirt_alpha": 5,   
         "nvirt_beta": 5,   
         "nsym": 7,   
         "sym0": 0,   
         "sym_max": 7,   
         "nsym_tot": 8,   
         "sym0_tot": 0,   
         "sym_max_tot": 7,   
         "symmetry": 2,   
         "tot_sym": false,   
         "aufbau_sym": false,   
         "max_number_excitations": 10,   
         "read_in": {
             "int_file":  "../FCIDUMP",   
             "uhf": false,   
             "Ecore": -1597.51981699,   
             "CAS": [ -1, -1],
             "useLz": false,   
             "complex": false    
         }
     },
     "fci_in": {
         "write_hamiltonian": true,   
         "hamiltonian_file":  "03ISYM.HAM",   
         "write_determinants": true,   
         "determinant_file":  "03ISYM.DET",   
         "print_fci_wfn": -1,   
         "print_fci_wfn_file":  "03ISYM.WFN",   
         "analyse_fci_wfn": 0,   
         "block_size": 64,   
         "ndavidson_eigv": 4,   
         "ndavidson_trialvec": 8,   
         "davidson_maxsize": 50,   
         "davidson_tol": 1.00000001E-007,   
         "hamiltonian_diagonal_only": false,   
         "determinant_table_only": false    
     },
     "reference": {
         "det": [ 1, 2, 3, 4, 5, 6, 7, 8, 9, 10],
         "det_ms": 0,   
         "det_symmetry": 0,   
         "H00": -1604.42363825,   
         "F0": 1.66432633E-316,   
         "ex_level": 2    
     }
 }
 -- End JSON block --

 The table below gives the number of determinants for each symmetry with Ms=0.
 Only determinants within 2 excitations of the reference determinant are included.
 Reference determinant, |D0> = |  1  2  3  4  5  6  7  8  9 10 >

 Symmetry index      # dets
         0              242
         1                0
         2              232
         3                0
         4              202
         5                0
         6              200
         7                0

 Performing exact diagonalisation...

 LAPACK diagonalisation results
 ^^^^^^^^^^^^^^^^^^^^^^^^^^^^^^

  State     Energy
      1 -1604.396092864188
      2 -1604.369620609439
      3 -1604.348887891549
      4 -1604.337322742406
      5 -1604.322483116579
      6 -1604.318892020983
      7 -1604.308137425463
      8 -1604.289746350763
      9 -1604.288742733114
     10 -1604.283206417527
     11 -1604.282478705128
     12 -1604.279795026039
     13 -1604.278179176838
     14 -1604.274215520184
     15 -1604.272063574103
     16 -1604.266483731030
     17 -1604.260744813052
     18 -1604.259521324705
     19 -1604.255205966595
     20 -1604.252172402911
     21 -1604.240696477590
     22 -1604.232070240325
     23 -1604.229535460360
     24 -1604.228672329370
     25 -1604.222291119221
     26 -1604.221418361847
     27 -1604.220480922887
     28 -1604.214947861313
     29 -1604.211271874659
     30 -1604.207443389881
     31 -1604.202886803481
     32 -1604.202600028943
     33 -1604.201776590645
     34 -1604.197713015408
     35 -1604.197551980694
     36 -1604.195075190631
     37 -1604.192705607357
     38 -1604.189325429500
     39 -1604.187550998119
     40 -1604.185628014057
     41 -1604.182709400351
     42 -1604.181748507330
     43 -1604.179593682575
     44 -1604.179359561097
     45 -1604.175065519441
     46 -1604.172372561789
     47 -1604.165350345030
     48 -1604.161353241791
     49 -1604.159200605105
     50 -1604.155220276410
     51 -1604.154295101541
     52 -1604.152463470336
     53 -1604.147968418093
     54 -1604.147249563121
     55 -1604.146299758929
     56 -1604.144004464772
     57 -1604.143019886490
     58 -1604.141104581863
     59 -1604.138159048298
     60 -1604.137545214509
     61 -1604.134936433680
     62 -1604.133756902054
     63 -1604.132588464229
     64 -1604.131446171378
     65 -1604.128800303738
     66 -1604.127997158546
     67 -1604.125463282530
     68 -1604.124173365181
     69 -1604.121116858559
     70 -1604.118016526943
     71 -1604.116360240806
     72 -1604.116182014433
     73 -1604.115033252247
     74 -1604.111884080648
     75 -1604.107797970341
     76 -1604.105559854092
     77 -1604.103938238467
     78 -1604.102754732620
     79 -1604.102456973379
     80 -1604.101335715394
     81 -1604.094284971550
     82 -1604.093485501575
     83 -1604.091647521757
     84 -1604.088408338815
     85 -1604.088404255590
     86 -1604.085489956446
     87 -1604.085000541542
     88 -1604.083756385314
     89 -1604.082928245272
     90 -1604.080084862857
     91 -1604.079458292117
     92 -1604.078196464592
     93 -1604.076506356342
     94 -1604.076152802324
     95 -1604.074033815082
     96 -1604.069615289215
     97 -1604.066806813795
     98 -1604.066180912104
     99 -1604.061012841877
    100 -1604.059461284720
    101 -1604.059201696115
    102 -1604.057093844861
    103 -1604.056990249937
    104 -1604.056245380729
    105 -1604.053129292881
    106 -1604.050638670042
    107 -1604.047699718800
    108 -1604.047426023520
    109 -1604.047209689978
    110 -1604.043507148747
    111 -1604.043022958058
    112 -1604.041571059874
    113 -1604.040743775084
    114 -1604.038866506448
    115 -1604.038341323321
    116 -1604.036069857545
    117 -1604.032786185513
    118 -1604.031654132561
    119 -1604.029109330838
    120 -1604.027231778227
    121 -1604.026323914497
    122 -1604.025974789927
    123 -1604.024404020648
    124 -1604.023596910600
    125 -1604.022723023221
    126 -1604.021238525241
    127 -1604.018071562344
    128 -1604.014920579391
    129 -1604.013873735861
    130 -1604.012747013017
    131 -1604.008249175789
    132 -1604.008234868928
    133 -1604.005344362304
    134 -1604.003796089695
    135 -1604.003520818196
    136 -1603.999814703803
    137 -1603.999342913663
    138 -1603.997894815509
    139 -1603.991815225911
    140 -1603.990196935771
    141 -1603.987687987081
    142 -1603.986584056725
    143 -1603.985752617366
    144 -1603.983341844839
    145 -1603.981811056466
    146 -1603.981310948173
    147 -1603.980512961929
    148 -1603.978585276760
    149 -1603.978127607257
    150 -1603.977856126307
    151 -1603.976078912538
    152 -1603.969573317130
    153 -1603.966436173773
    154 -1603.965822841071
    155 -1603.965160239522
    156 -1603.964130769179
    157 -1603.963806513601
    158 -1603.961168529891
    159 -1603.959819445304
    160 -1603.957214358168
    161 -1603.954577160329
    162 -1603.949944733742
    163 -1603.949575940752
    164 -1603.947042020751
    165 -1603.945746837085
    166 -1603.943458177341
    167 -1603.942974567701
    168 -1603.941942510507
    169 -1603.940712652095
    170 -1603.937513578791
    171 -1603.935804998794
    172 -1603.934791358651
    173 -1603.930755006306
    174 -1603.928829478105
    175 -1603.924970351113
    176 -1603.923400209088
    177 -1603.922838711150
    178 -1603.920873348900
    179 -1603.919602658814
    180 -1603.916608292700
    181 -1603.914112845778
    182 -1603.913174119971
    183 -1603.911161878458
    184 -1603.909523148088
    185 -1603.907858363569
    186 -1603.902937109471
    187 -1603.898646045171
    188 -1603.896605499111
    189 -1603.892468608032
    190 -1603.890834752043
    191 -1603.886653757338
    192 -1603.883803180792
    193 -1603.882724665562
    194 -1603.880510747703
    195 -1603.878436684287
    196 -1603.876888846918
    197 -1603.876612107824
    198 -1603.874290717833
    199 -1603.874159977838
    200 -1603.871795963936
    201 -1603.871780614404
    202 -1603.871307392808
    203 -1603.865779846989
    204 -1603.860488498304
    205 -1603.860254803648
    206 -1603.856426388077
    207 -1603.853175815332
    208 -1603.852253104013
    209 -1603.844076074944
    210 -1603.841958563509
    211 -1603.834234773535
    212 -1603.832045579486
    213 -1603.831134865878
    214 -1603.828739152697
    215 -1603.821854756840
    216 -1603.821735008558
    217 -1603.811284281773
    218 -1603.807145888263
    219 -1603.806583098552
    220 -1603.795645626002
    221 -1603.795090872154
    222 -1603.793260603834
    223 -1603.791414173588
    224 -1603.760472122187
    225 -1603.754748317559
    226 -1603.717622264425
    227 -1603.711311701754
    228 -1603.695403761215
    229 -1603.692253650496
    230 -1603.656010024981
    231 -1603.654686990431
    232 -1603.541357538051

 Memory required for all two body integrals (MB) on each processor: 0
 It is left to the user to ensure that this does not exceed available resources.

 Basis functions
 ---------------

 Spin given in units of 1/2.

 index  spatial symmetry sym_index lz     ms       <i|f|i>
     1      1       5       1       0       1       -2.97921196E-01
     2      1       5       2       0      -1       -2.97921196E-01
     3      2       1       1       0       1       -2.89532985E-01
     4      2       1       2       0      -1       -2.89532985E-01
     5      3       7       1       0       1       -2.59503609E-01
     6      3       7       2       0      -1       -2.59503609E-01
     7      4       5       3       0       1       -2.17490946E-01
     8      4       5       4       0      -1       -2.17490946E-01
     9      5       7       3       0       1       -1.71477408E-01
    10      5       7       4       0      -1       -1.71477408E-01
    11      6       3       1       0       1       -2.74460188E-02
    12      6       3       2       0      -1       -2.74460188E-02
    13      7       1       3       0       1        2.15466970E-02
    14      7       1       4       0      -1        2.15466970E-02
    15      8       3       3       0       1        6.78036832E-02
    16      8       3       4       0      -1        6.78036832E-02
    17      9       5       5       0       1        9.72880777E-02
    18      9       5       6       0      -1        9.72880777E-02
    19     10       1       5       0       1        1.10224776E-01
    20     10       1       6       0      -1        1.10224776E-01

 E_core =-1597.519816993561
 Number of electrons: 10
 Number of basis functions: 20

 Bit-length of integers used to store determinant bit-strings: 64
 Number of integers used to store determinant bit-strings: 1

 Symmetry information
 --------------------

 Number of point group symmetries: 8
 Not using Lz symmetry.
 Totally symmetric symmetry: 0
 The matrix below gives the direct products of the irreducible representations.

  0  1  2  3  4  5  6  7
  1  0  3  2  5  4  7  6
  2  3  0  1  6  7  4  5
  3  2  1  0  7  6  5  4
  4  5  6  7  0  1  2  3
  5  4  7  6  1  0  3  2
  6  7  4  5  2  3  0  1
  7  6  5  4  3  2  1  0

 The table below gives the number of basis functions spanning each irreducible representation.

 irrep  Lz   sym  nbasis  nbasis_up  nbasis_down
   0     0    0      0       0          0
   1     0    1      6       3          3
   2     0    2      0       0          0
   3     0    3      4       2          2
   4     0    4      0       0          0
   5     0    5      6       3          3
   6     0    6      0       0          0
   7     0    7      4       2          2


 WARNING: error in warn_unused_args.
 The following keywords are not recognised and have been ignored: sorted_diagonal.

 FCI
 ---

 -- Start JSON block --
 {
     "system": {
         "nbasis": 20,   
         "nel": 10,   
         "nvirt": 10,   
         "Ms": 0,   
         "nalpha": 5,   
         "nbeta": 5,   
         "nvirt_alpha": 5,   
         "nvirt_beta": 5,   
         "nsym": 7,   
         "sym0": 0,   
         "sym_max": 7,   
         "nsym_tot": 8,   
         "sym0_tot": 0,   
         "sym_max_tot": 7,   
         "symmetry": 4,   
         "tot_sym": false,   
         "aufbau_sym": false,   
         "max_number_excitations": 10,   
         "read_in": {
             "int_file":  "../FCIDUMP",   
             "uhf": false,   
             "Ecore": -1597.51981699,   
             "CAS": [ -1, -1],
             "useLz": false,   
             "complex": false    
         }
     },
     "fci_in": {
         "write_hamiltonian": true,   
         "hamiltonian_file":  "05ISYM.HAM",   
         "write_determinants": true,   
         "determinant_file":  "05ISYM.DET",   
         "print_fci_wfn": -1,   
         "print_fci_wfn_file":  "05ISYM.WFN",   
         "analyse_fci_wfn": 0,   
         "block_size": 64,   
         "ndavidson_eigv": 4,   
         "ndavidson_trialvec": 8,   
         "davidson_maxsize": 50,   
         "davidson_tol": 1.00000001E-007,   
         "hamiltonian_diagonal_only": false,   
         "determinant_table_only": false    
     },
     "reference": {
         "det": [ 1, 2, 3, 4, 5, 6, 7, 8, 9, 10],
         "det_ms": 0,   
         "det_symmetry": 0,   
         "H00": -1604.42363825,   
         "F0": 1.66432633E-316,   
         "ex_level": 2    
     }
 }
 -- End JSON block --

 The table below gives the number of determinants for each symmetry with Ms=0.
 Only determinants within 2 excitations of the reference determinant are included.
 Reference determinant, |D0> = |  1  2  3  4  5  6  7  8  9 10 >

 Symmetry index      # dets
         0              242
         1                0
         2              232
         3                0
         4              202
         5                0
         6              200
         7                0

 Performing exact diagonalisation...

 LAPACK diagonalisation results
 ^^^^^^^^^^^^^^^^^^^^^^^^^^^^^^

  State     Energy
      1 -1604.442918188894
      2 -1604.374278974359
      3 -1604.362686432367
      4 -1604.305098172818
      5 -1604.301710578239
      6 -1604.296903369278
      7 -1604.296760498316
      8 -1604.277504413967
      9 -1604.269062205707
     10 -1604.264882615706
     11 -1604.261489512580
     12 -1604.242015905716
     13 -1604.231812289590
     14 -1604.227034435341
     15 -1604.224050183546
     16 -1604.217274736124
     17 -1604.217226040344
     18 -1604.213705739809
     19 -1604.212474103331
     20 -1604.204844949257
     21 -1604.200241849015
     22 -1604.198518337386
     23 -1604.195928907205
     24 -1604.193284430057
     25 -1604.190984529882
     26 -1604.190677585929
     27 -1604.188976928527
     28 -1604.184435773473
     29 -1604.171170263846
     30 -1604.170824710327
     31 -1604.165950702613
     32 -1604.163514289527
     33 -1604.161198918796
     34 -1604.154813259985
     35 -1604.150121676988
     36 -1604.148886823962
     37 -1604.146191654172
     38 -1604.145695635299
     39 -1604.145247832666
     40 -1604.142575989181
     41 -1604.141922160441
     42 -1604.140618768180
     43 -1604.136275009648
     44 -1604.135943741021
     45 -1604.133230230145
     46 -1604.132191212189
     47 -1604.130351241131
     48 -1604.126722330245
     49 -1604.126613868362
     50 -1604.121004406919
     51 -1604.120791143192
     52 -1604.119466799835
     53 -1604.117202365750
     54 -1604.117084861617
     55 -1604.113984646529
     56 -1604.110686261988
     57 -1604.106202780349
     58 -1604.103487713557
     59 -1604.102466782202
     60 -1604.100578646896
     61 -1604.098426545426
     62 -1604.096528573433
     63 -1604.092568066205
     64 -1604.089225842223
     65 -1604.088116618826
     66 -1604.083012950634
     67 -1604.080652447244
     68 -1604.079166873082
     69 -1604.075142730419
     70 -1604.074508499720
     71 -1604.073700514909
     72 -1604.073101760450
     73 -1604.069724164428
     74 -1604.068766962696
     75 -1604.066309134959
     76 -1604.064841910857
     77 -1604.064277218443
     78 -1604.062084798009
     79 -1604.061138951743
     80 -1604.061095313732
     81 -1604.059492938053
     82 -1604.054000287542
     83 -1604.053993129317
     84 -1604.051988418356
     85 -1604.051800868218
     86 -1604.046897650587
     87 -1604.045663069965
     88 -1604.043470899042
     89 -1604.042470497836
     90 -1604.039325448774
     91 -1604.035871381131
     92 -1604.035423854850
     93 -1604.035273087326
     94 -1604.031281941009
     95 -1604.027733305522
     96 -1604.026890107688
     97 -1604.025797802432
     98 -1604.025332937744
     99 -1604.024057987318
    100 -1604.022990778705
    101 -1604.021341824376
    102 -1604.020218115227
    103 -1604.016931642122
    104 -1604.013009309439
    105 -1604.012271937129
    106 -1604.011367274195
    107 -1604.008770806334
    108 -1604.005356077559
    109 -1604.004508722134
    110 -1604.002096400805
    111 -1604.000427380581
    112 -1603.999231309412
    113 -1603.998862547542
    114 -1603.993823148572
    115 -1603.993640042330
    116 -1603.992484946628
    117 -1603.988556929307
    118 -1603.987849233199
    119 -1603.987594344697
    120 -1603.985561004183
    121 -1603.982136371101
    122 -1603.981855701487
    123 -1603.978488321959
    124 -1603.978208901251
    125 -1603.976398261420
    126 -1603.976221537310
    127 -1603.972053231201
    128 -1603.969603168610
    129 -1603.968482360660
    130 -1603.963242704905
    131 -1603.958628452697
    132 -1603.958288080160
    133 -1603.954690371668
    134 -1603.952606417198
    135 -1603.950383468395
    136 -1603.950025708432
    137 -1603.945733026873
    138 -1603.944935465054
    139 -1603.943104972542
    140 -1603.941652312526
    141 -1603.941044701120
    142 -1603.939285154228
    143 -1603.937845116114
    144 -1603.935923013741
    145 -1603.934112882304
    146 -1603.933765499808
    147 -1603.932972575327
    148 -1603.929922391033
    149 -1603.926755937253
    150 -1603.924690137783
    151 -1603.921523439013
    152 -1603.919732348171
    153 -1603.918857377998
    154 -1603.917330986901
    155 -1603.913542659232
    156 -1603.909863265948
    157 -1603.909071566719
    158 -1603.908012066576
    159 -1603.906999914288
    160 -1603.906169291662
    161 -1603.902384001224
    162 -1603.899238971822
    163 -1603.896149797762
    164 -1603.894657019466
    165 -1603.888107844755
    166 -1603.883151840619
    167 -1603.879851066302
    168 -1603.878215201132
    169 -1603.875771983859
    170 -1603.872453864419
    171 -1603.872003212856
    172 -1603.871549667557
    173 -1603.871046587171
    174 -1603.865775416417
    175 -1603.862589334839
    176 -1603.862098691972
    177 -1603.861133239790
    178 -1603.855592458888
    179 -1603.852746202793
    180 -1603.851179286091
    181 -1603.848999562256
    182 -1603.845780649724
    183 -1603.843692998181
    184 -1603.838751934932
    185 -1603.835921322863
    186 -1603.832302784674
    187 -1603.826432262308
    188 -1603.823045942659
    189 -1603.816491585337
    190 -1603.814535133503
    191 -1603.807949597504
    192 -1603.801108427839
    193 -1603.798237178058
    194 -1603.794115524546
    195 -1603.757880956448
    196 -1603.756385248103
    197 -1603.750254371711
    198 -1603.748087342100
    199 -1603.705140570001
    200 -1603.700211292937
    201 -1603.696857821381
    202 -1603.693296734176

 Memory required for all two body integrals (MB) on each processor: 0
 It is left to the user to ensure that this does not exceed available resources.

 Basis functions
 ---------------

 Spin given in units of 1/2.

 index  spatial symmetry sym_index lz     ms       <i|f|i>
     1      1       5       1       0       1       -2.97921196E-01
     2      1       5       2       0      -1       -2.97921196E-01
     3      2       1       1       0       1       -2.89532985E-01
     4      2       1       2       0      -1       -2.89532985E-01
     5      3       7       1       0       1       -2.59503609E-01
     6      3       7       2       0      -1       -2.59503609E-01
     7      4       5       3       0       1       -2.17490946E-01
     8      4       5       4       0      -1       -2.17490946E-01
     9      5       7       3       0       1       -1.71477408E-01
    10      5       7       4       0      -1       -1.71477408E-01
    11      6       3       1       0       1       -2.74460188E-02
    12      6       3       2       0      -1       -2.74460188E-02
    13      7       1       3       0       1        2.15466970E-02
    14      7       1       4       0      -1        2.15466970E-02
    15      8       3       3       0       1        6.78036832E-02
    16      8       3       4       0      -1        6.78036832E-02
    17      9       5       5       0       1        9.72880777E-02
    18      9       5       6       0      -1        9.72880777E-02
    19     10       1       5       0       1        1.10224776E-01
    20     10       1       6       0      -1        1.10224776E-01

 E_core =-1597.519816993561
 Number of electrons: 10
 Number of basis functions: 20

 Bit-length of integers used to store determinant bit-strings: 64
 Number of integers used to store determinant bit-strings: 1

 Symmetry information
 --------------------

 Number of point group symmetries: 8
 Not using Lz symmetry.
 Totally symmetric symmetry: 0
 The matrix below gives the direct products of the irreducible representations.

  0  1  2  3  4  5  6  7
  1  0  3  2  5  4  7  6
  2  3  0  1  6  7  4  5
  3  2  1  0  7  6  5  4
  4  5  6  7  0  1  2  3
  5  4  7  6  1  0  3  2
  6  7  4  5  2  3  0  1
  7  6  5  4  3  2  1  0

 The table below gives the number of basis functions spanning each irreducible representation.

 irrep  Lz   sym  nbasis  nbasis_up  nbasis_down
   0     0    0      0       0          0
   1     0    1      6       3          3
   2     0    2      0       0          0
   3     0    3      4       2          2
   4     0    4      0       0          0
   5     0    5      6       3          3
   6     0    6      0       0          0
   7     0    7      4       2          2


 WARNING: error in warn_unused_args.
 The following keywords are not recognised and have been ignored: sorted_diagonal.

 FCI
 ---

 -- Start JSON block --
 {
     "system": {
         "nbasis": 20,   
         "nel": 10,   
         "nvirt": 10,   
         "Ms": 0,   
         "nalpha": 5,   
         "nbeta": 5,   
         "nvirt_alpha": 5,   
         "nvirt_beta": 5,   
         "nsym": 7,   
         "sym0": 0,   
         "sym_max": 7,   
         "nsym_tot": 8,   
         "sym0_tot": 0,   
         "sym_max_tot": 7,   
         "symmetry": 6,   
         "tot_sym": false,   
         "aufbau_sym": false,   
         "max_number_excitations": 10,   
         "read_in": {
             "int_file":  "../FCIDUMP",   
             "uhf": false,   
             "Ecore": -1597.51981699,   
             "CAS": [ -1, -1],
             "useLz": false,   
             "complex": false    
         }
     },
     "fci_in": {
         "write_hamiltonian": true,   
         "hamiltonian_file":  "07ISYM.HAM",   
         "write_determinants": true,   
         "determinant_file":  "07ISYM.DET",   
         "print_fci_wfn": -1,   
         "print_fci_wfn_file":  "07ISYM.WFN",   
         "analyse_fci_wfn": 0,   
         "block_size": 64,   
         "ndavidson_eigv": 4,   
         "ndavidson_trialvec": 8,   
         "davidson_maxsize": 50,   
         "davidson_tol": 1.00000001E-007,   
         "hamiltonian_diagonal_only": false,   
         "determinant_table_only": false    
     },
     "reference": {
         "det": [ 1, 2, 3, 4, 5, 6, 7, 8, 9, 10],
         "det_ms": 0,   
         "det_symmetry": 0,   
         "H00": -1604.42363825,   
         "F0": 1.66432633E-316,   
         "ex_level": 2    
     }
 }
 -- End JSON block --

 The table below gives the number of determinants for each symmetry with Ms=0.
 Only determinants within 2 excitations of the reference determinant are included.
 Reference determinant, |D0> = |  1  2  3  4  5  6  7  8  9 10 >

 Symmetry index      # dets
         0              242
         1                0
         2              232
         3                0
         4              202
         5                0
         6              200
         7                0

 Performing exact diagonalisation...

 LAPACK diagonalisation results
 ^^^^^^^^^^^^^^^^^^^^^^^^^^^^^^

  State     Energy
      1 -1604.402010559476
      2 -1604.345874707341
      3 -1604.340622282723
      4 -1604.333717889801
      5 -1604.328620228334
      6 -1604.273371029076
      7 -1604.269719622731
      8 -1604.264584539504
      9 -1604.263799066657
     10 -1604.260623237692
     11 -1604.257802031429
     12 -1604.255595295253
     13 -1604.246711366097
     14 -1604.242455328088
     15 -1604.238590573422
     16 -1604.237989411182
     17 -1604.229599957318
     18 -1604.223925164849
     19 -1604.204012082292
     20 -1604.200289851941
     21 -1604.192029004267
     22 -1604.191156740415
     23 -1604.186769978126
     24 -1604.186576230813
     25 -1604.181721877329
     26 -1604.181064910730
     27 -1604.180217519194
     28 -1604.170513067284
     29 -1604.168480955862
     30 -1604.167284715138
     31 -1604.166509024261
     32 -1604.164725699281
     33 -1604.161325005585
     34 -1604.155775000673
     35 -1604.151418887707
     36 -1604.150212047051
     37 -1604.149888673399
     38 -1604.149469951178
     39 -1604.147267706604
     40 -1604.143856008499
     41 -1604.141573639523
     42 -1604.139082693941
     43 -1604.137003198129
     44 -1604.129876303233
     45 -1604.119833972672
     46 -1604.117911783525
     47 -1604.115476942570
     48 -1604.111469466156
     49 -1604.110260896044
     50 -1604.109486462496
     51 -1604.106613208321
     52 -1604.105807640771
     53 -1604.104643428811
     54 -1604.103506713183
     55 -1604.101366719526
     56 -1604.101061341225
     57 -1604.098452581310
     58 -1604.094883466522
     59 -1604.092767012111
     60 -1604.089999666684
     61 -1604.089326467663
     62 -1604.084037810822
     63 -1604.083016095148
     64 -1604.082743341249
     65 -1604.081287585313
     66 -1604.079368735264
     67 -1604.075638341206
     68 -1604.073935491609
     69 -1604.073106301576
     70 -1604.068567624359
     71 -1604.066803846458
     72 -1604.065460309215
     73 -1604.064971280480
     74 -1604.064923282058
     75 -1604.060043178926
     76 -1604.059553649824
     77 -1604.055185218573
     78 -1604.052277563980
     79 -1604.051542902158
     80 -1604.048794946306
     81 -1604.047322562887
     82 -1604.046972987168
     83 -1604.046067351691
     84 -1604.041766411930
     85 -1604.038522163460
     86 -1604.037404845590
     87 -1604.033730179506
     88 -1604.033019254808
     89 -1604.031459202617
     90 -1604.027628370990
     91 -1604.024777784677
     92 -1604.024468106659
     93 -1604.023732979214
     94 -1604.023504314023
     95 -1604.021833462617
     96 -1604.020042195906
     97 -1604.019530849185
     98 -1604.019469010648
     99 -1604.017171305145
    100 -1604.014770537907
    101 -1604.007341406124
    102 -1604.005634492183
    103 -1604.004818299890
    104 -1604.002814206669
    105 -1604.000891068844
    106 -1603.999875146435
    107 -1603.998926242718
    108 -1603.996741504941
    109 -1603.995835484830
    110 -1603.993332254504
    111 -1603.992806234979
    112 -1603.991064379437
    113 -1603.989933975415
    114 -1603.989885181564
    115 -1603.987107133769
    116 -1603.985834326518
    117 -1603.984932621269
    118 -1603.980815237600
    119 -1603.978217000794
    120 -1603.977240905747
    121 -1603.976691545440
    122 -1603.974684757970
    123 -1603.973906601889
    124 -1603.971347731892
    125 -1603.971139929350
    126 -1603.968249997997
    127 -1603.967718065730
    128 -1603.966644614347
    129 -1603.964162861945
    130 -1603.963737125599
    131 -1603.960424386446
    132 -1603.960228794484
    133 -1603.960071955308
    134 -1603.958318973497
    135 -1603.957311251437
    136 -1603.956414159425
    137 -1603.954263266990
    138 -1603.953249975142
    139 -1603.949162190721
    140 -1603.947565674193
    141 -1603.942765828867
    142 -1603.941508614202
    143 -1603.939164932774
    144 -1603.935795807128
    145 -1603.934611255766
    146 -1603.932167679965
    147 -1603.930952781791
    148 -1603.922219196256
    149 -1603.921401329125
    150 -1603.918528721987
    151 -1603.918157241864
    152 -1603.915406720830
    153 -1603.913825199052
    154 -1603.910325944169
    155 -1603.907506644824
    156 -1603.904631184261
    157 -1603.902337138771
    158 -1603.900213030169
    159 -1603.898214074562
    160 -1603.896657637547
    161 -1603.893536115499
    162 -1603.892837646853
    163 -1603.890284114588
    164 -1603.888310916481
    165 -1603.883843178080
    166 -1603.883624278233
    167 -1603.881896729924
    168 -1603.876673130098
    169 -1603.872756008358
    170 -1603.872049095365
    171 -1603.870642426421
    172 -1603.869578553692
    173 -1603.866932566958
    174 -1603.866697663364
    175 -1603.866332796935
    176 -1603.865761060517
    177 -1603.861298022571
    178 -1603.856921886615
    179 -1603.849479652124
    180 -1603.846856007363
    181 -1603.840364468301
    182 -1603.835207342446
    183 -1603.832922254695
    184 -1603.830970737647
    185 -1603.830092330805
    186 -1603.827025845351
    187 -1603.823645817418
    188 -1603.821231451830
    189 -1603.815083907397
    190 -1603.803236884592
    191 -1603.801079453604
    192 -1603.793812167731
    193 -1603.766709303737
    194 -1603.766035998125
    195 -1603.759311946177
    196 -1603.758146507467
    197 -1603.705299926806
    198 -1603.700777589286
    199 -1603.697047301319
    200 -1603.693429832727

 Timing breakdown
 ----------------

 Wall time for each calculation section (seconds):

 Generic system initialisation: .00
 FCI calculation              : .06
 Generic system initialisation: .00
 FCI calculation              : .06
 Generic system initialisation: .00
 FCI calculation              : .05
 Generic system initialisation: .00
 FCI calculation              : .05

 ================================================================
 Finished running on 18/02/2025 at 12:41:58
 Wall time (seconds):                               0.23
 CPU time (per processor, seconds):                 0.23
 ================================================================

